<?xml version="1.0" encoding="UTF-8"?>
<testng-results ignored="0" total="4" passed="4" failed="0" skipped="0">
  <reporter-output>
  </reporter-output>
  <suite started-at="2024-05-12T16:41:48Z" name="Default suite" finished-at="2024-05-12T16:41:59Z" duration-ms="11547">
    <groups>
    </groups>
    <test started-at="2024-05-12T16:41:48Z" name="Default test" finished-at="2024-05-12T16:41:59Z" duration-ms="11547">
      <class name="DataProvider.WorkingWithDataProvider">
        <test-method signature="login(java.lang.String, java.lang.String)[pri:0, instance:DataProvider.WorkingWithDataProvider@481ba2cf]" started-at="2024-05-12T16:41:48Z" name="login" data-provider="testdata" finished-at="2024-05-12T16:41:51Z" duration-ms="3144" status="PASS">
          <params>
            <param index="0">
              <value>
                <![CDATA[admin123]]>
              </value>
            </param>
            <param index="1">
              <value>
                <![CDATA[manager123]]>
              </value>
            </param>
          </params>
          <reporter-output>
          </reporter-output>
        </test-method> <!-- login -->
        <test-method signature="login(java.lang.String, java.lang.String)[pri:0, instance:DataProvider.WorkingWithDataProvider@481ba2cf]" started-at="2024-05-12T16:41:51Z" name="login" data-provider="testdata" finished-at="2024-05-12T16:41:54Z" duration-ms="2646" status="PASS">
          <params>
            <param index="0">
              <value>
                <![CDATA[dhcbdsc]]>
              </value>
            </param>
            <param index="1">
              <value>
                <![CDATA[jvnfvjfvn]]>
              </value>
            </param>
          </params>
          <reporter-output>
          </reporter-output>
        </test-method> <!-- login -->
        <test-method signature="login(java.lang.String, java.lang.String)[pri:0, instance:DataProvider.WorkingWithDataProvider@481ba2cf]" started-at="2024-05-12T16:41:54Z" name="login" data-provider="testdata" finished-at="2024-05-12T16:41:57Z" duration-ms="2585" status="PASS">
          <params>
            <param index="0">
              <value>
                <![CDATA[cbkcbdc]]>
              </value>
            </param>
            <param index="1">
              <value>
                <![CDATA[ncjcncn]]>
              </value>
            </param>
          </params>
          <reporter-output>
          </reporter-output>
        </test-method> <!-- login -->
        <test-method signature="login(java.lang.String, java.lang.String)[pri:0, instance:DataProvider.WorkingWithDataProvider@481ba2cf]" started-at="2024-05-12T16:41:57Z" name="login" data-provider="testdata" finished-at="2024-05-12T16:41:59Z" duration-ms="2544" status="PASS">
          <params>
            <param index="0">
              <value>
                <![CDATA[sdfdkkf]]>
              </value>
            </param>
            <param index="1">
              <value>
                <![CDATA[dfnfnnf]]>
              </value>
            </param>
          </params>
          <reporter-output>
          </reporter-output>
        </test-method> <!-- login -->
      </class> <!-- DataProvider.WorkingWithDataProvider -->
    </test> <!-- Default test -->
  </suite> <!-- Default suite -->
</testng-results>
