<?xml version="1.0" encoding="UTF-8"?>
<!-- Generated by org.testng.reporters.JUnitXMLReporter -->
<testsuite ignored="0" hostname="SubodhGavhane" failures="0" tests="4" name="Test" time="20.15" errors="0" timestamp="11 May 2024 11:08:22 GMT">
  <testcase classname="TestScripts.ValidLoginTest" name="login" time="3.34"/>
  <testcase classname="TestScripts.InvalidLoginTest" name="InvalidLogin" time="5.302"/>
  <testcase classname="TestScripts.CompleteTaskTest" name="Completetask" time="1.613"/>
  <testcase classname="TestScripts.createuserTest" name="main" time="3.833"/>
</testsuite> <!-- Test -->
