<?xml version="1.0" encoding="UTF-8"?>
<testng-results ignored="0" total="2" passed="2" failed="0" skipped="0">
  <reporter-output>
  </reporter-output>
  <suite started-at="2024-04-17T18:14:15Z" name="Default suite" finished-at="2024-04-17T18:14:15Z" duration-ms="32">
    <groups>
    </groups>
    <test started-at="2024-04-17T18:14:15Z" name="Default test" finished-at="2024-04-17T18:14:15Z" duration-ms="32">
      <class name="LearningTestNG.Test1">
        <test-method signature="demo()[pri:0, instance:LearningTestNG.Test1@5a3bc7ed]" started-at="2024-04-17T18:14:15Z" name="demo" finished-at="2024-04-17T18:14:15Z" duration-ms="9" status="PASS">
          <reporter-output>
          </reporter-output>
        </test-method> <!-- demo -->
        <test-method signature="main()[pri:0, instance:LearningTestNG.Test1@5a3bc7ed]" started-at="2024-04-17T18:14:15Z" name="main" finished-at="2024-04-17T18:14:15Z" duration-ms="1" status="PASS">
          <reporter-output>
          </reporter-output>
        </test-method> <!-- main -->
      </class> <!-- LearningTestNG.Test1 -->
    </test> <!-- Default test -->
  </suite> <!-- Default suite -->
</testng-results>
